2025-10-26 11:13:40.384 [background-preinit] INFO  o.h.validator.internal.util.Version - HV000001: Hibernate Validator 8.0.3.Final
2025-10-26 11:13:40.484 [main] INFO  dev.adrian.FunkoApplication - Starting FunkoApplication using Java 25 with PID 11348 (C:\Users\USUARIO\Desktop\Funko\build\classes\java\main started by USUARIO in C:\Users\USUARIO\Desktop\Funko)
2025-10-26 11:13:40.485 [main] DEBUG dev.adrian.FunkoApplication - Running with Spring Boot v3.5.6, Spring v6.2.11
2025-10-26 11:13:40.485 [main] INFO  dev.adrian.FunkoApplication - The following 1 profile is active: "dev"
2025-10-26 11:13:41.899 [main] INFO  o.s.d.r.c.RepositoryConfigurationDelegate - Bootstrapping Spring Data JPA repositories in DEFAULT mode.
2025-10-26 11:13:41.992 [main] INFO  o.s.d.r.c.RepositoryConfigurationDelegate - Finished Spring Data repository scanning in 80 ms. Found 2 JPA repository interfaces.
2025-10-26 11:13:42.742 [main] INFO  o.s.b.w.e.tomcat.TomcatWebServer - Tomcat initialized with port 6969 (http)
2025-10-26 11:13:42.762 [main] INFO  o.a.coyote.http11.Http11NioProtocol - Initializing ProtocolHandler ["http-nio-6969"]
2025-10-26 11:13:42.764 [main] INFO  o.a.catalina.core.StandardService - Starting service [Tomcat]
2025-10-26 11:13:42.764 [main] INFO  o.a.catalina.core.StandardEngine - Starting Servlet engine: [Apache Tomcat/10.1.46]
2025-10-26 11:13:42.839 [main] INFO  o.a.c.c.C.[Tomcat].[localhost].[/] - Initializing Spring embedded WebApplicationContext
2025-10-26 11:13:42.840 [main] INFO  o.s.b.w.s.c.ServletWebServerApplicationContext - Root WebApplicationContext: initialization completed in 2287 ms
2025-10-26 11:13:43.185 [main] INFO  o.h.jpa.internal.util.LogHelper - HHH000204: Processing PersistenceUnitInfo [name: default]
2025-10-26 11:13:43.279 [main] INFO  org.hibernate.Version - HHH000412: Hibernate ORM core version 6.6.29.Final
2025-10-26 11:13:43.336 [main] INFO  o.h.c.i.RegionFactoryInitiator - HHH000026: Second-level cache disabled
2025-10-26 11:13:43.792 [main] INFO  o.s.o.j.p.SpringPersistenceUnitInfo - No LoadTimeWeaver setup: ignoring JPA class transformer
2025-10-26 11:13:43.839 [main] INFO  com.zaxxer.hikari.HikariDataSource - HikariPool-1 - Starting...
2025-10-26 11:13:44.119 [main] INFO  com.zaxxer.hikari.pool.HikariPool - HikariPool-1 - Added connection conn0: url=jdbc:h2:mem:funkodb user=SA
2025-10-26 11:13:44.121 [main] INFO  com.zaxxer.hikari.HikariDataSource - HikariPool-1 - Start completed.
2025-10-26 11:13:44.163 [main] WARN  org.hibernate.orm.deprecation - HHH90000025: H2Dialect does not need to be specified explicitly using 'hibernate.dialect' (remove the property setting and it will be selected by default)
2025-10-26 11:13:44.193 [main] INFO  o.hibernate.orm.connections.pooling - HHH10001005: Database info:
	Database JDBC URL [Connecting through datasource 'HikariDataSource (HikariPool-1)']
	Database driver: undefined/unknown
	Database version: 2.3.232
	Autocommit mode: undefined/unknown
	Isolation level: undefined/unknown
	Minimum pool size: undefined/unknown
	Maximum pool size: undefined/unknown
2025-10-26 11:13:46.080 [main] INFO  o.h.e.t.j.p.i.JtaPlatformInitiator - HHH000489: No JTA platform available (set 'hibernate.transaction.jta.platform' to enable JTA platform integration)
2025-10-26 11:13:46.192 [main] INFO  o.s.o.j.LocalContainerEntityManagerFactoryBean - Initialized JPA EntityManagerFactory for persistence unit 'default'
2025-10-26 11:13:47.451 [main] WARN  o.s.b.a.o.j.JpaBaseConfiguration$JpaWebConfiguration - spring.jpa.open-in-view is enabled by default. Therefore, database queries may be performed during view rendering. Explicitly configure spring.jpa.open-in-view to disable this warning
2025-10-26 11:13:49.766 [main] INFO  o.s.b.a.h.H2ConsoleAutoConfiguration - H2 console available at '/h2-console'. Database available at 'jdbc:h2:mem:funkodb'
2025-10-26 11:13:49.896 [main] INFO  o.s.b.a.e.web.EndpointLinksResolver - Exposing 1 endpoint beneath base path '/actuator'
2025-10-26 11:13:50.268 [main] INFO  o.s.m.s.b.SimpleBrokerMessageHandler - Starting...
2025-10-26 11:13:50.270 [main] INFO  o.s.m.s.b.SimpleBrokerMessageHandler - BrokerAvailabilityEvent[available=true, SimpleBrokerMessageHandler [org.springframework.messaging.simp.broker.DefaultSubscriptionRegistry@2ceb722e]]
2025-10-26 11:13:50.275 [main] INFO  o.s.m.s.b.SimpleBrokerMessageHandler - Started.
2025-10-26 11:13:50.276 [main] INFO  o.a.coyote.http11.Http11NioProtocol - Starting ProtocolHandler ["http-nio-6969"]
2025-10-26 11:13:50.341 [main] INFO  o.s.b.w.e.tomcat.TomcatWebServer - Tomcat started on port 6969 (http) with context path '/'
2025-10-26 11:13:50.386 [main] INFO  dev.adrian.FunkoApplication - Started FunkoApplication in 10.807 seconds (process running for 11.746)
2025-10-26 11:13:53.317 [RMI TCP Connection(2)-192.168.1.25] INFO  o.a.c.c.C.[Tomcat].[localhost].[/] - Initializing Spring DispatcherServlet 'dispatcherServlet'
2025-10-26 11:13:53.318 [RMI TCP Connection(2)-192.168.1.25] INFO  o.s.web.servlet.DispatcherServlet - Initializing Servlet 'dispatcherServlet'
2025-10-26 11:13:53.323 [RMI TCP Connection(2)-192.168.1.25] INFO  o.s.web.servlet.DispatcherServlet - Completed initialization in 4 ms
2025-10-26 11:14:02.877 [http-nio-6969-exec-1] INFO  d.a.Funko.service.FunkoServiceImpl - saveFromDTO - Creando Funko desde DTO: Vegeta SSJ
2025-10-26 11:14:02.886 [http-nio-6969-exec-1] INFO  d.a.Funko.service.FunkoServiceImpl - saveFromDTO - Categoría encontrada: ANIME
2025-10-26 11:14:02.886 [http-nio-6969-exec-1] INFO  d.a.Funko.service.FunkoServiceImpl - saveFromDTO - Validación completada para Funko: Vegeta SSJ
2025-10-26 11:14:02.899 [http-nio-6969-exec-1] INFO  d.a.Funko.service.FunkoServiceImpl - saveFromDTO - Funko guardado con ID: 1
2025-10-26 11:14:14.460 [http-nio-6969-exec-3] INFO  d.a.Funko.service.FunkoServiceImpl - saveFromDTO - Creando Funko desde DTO: Goku SSJ
2025-10-26 11:14:14.464 [http-nio-6969-exec-3] INFO  d.a.Funko.service.FunkoServiceImpl - saveFromDTO - Categoría encontrada: ANIME
2025-10-26 11:14:14.464 [http-nio-6969-exec-3] INFO  d.a.Funko.service.FunkoServiceImpl - saveFromDTO - Validación completada para Funko: Goku SSJ
2025-10-26 11:14:14.468 [http-nio-6969-exec-3] INFO  d.a.Funko.service.FunkoServiceImpl - saveFromDTO - Funko guardado con ID: 2
2025-10-26 11:14:19.828 [http-nio-6969-exec-4] INFO  d.a.Funko.service.FunkoServiceImpl - saveFromDTO - Creando Funko desde DTO: Goku SSJ
2025-10-26 11:14:19.832 [http-nio-6969-exec-4] INFO  d.a.Funko.service.FunkoServiceImpl - saveFromDTO - Categoría encontrada: ANIME
2025-10-26 11:14:19.832 [http-nio-6969-exec-4] INFO  d.a.Funko.service.FunkoServiceImpl - saveFromDTO - Validación completada para Funko: Goku SSJ
2025-10-26 11:14:19.839 [http-nio-6969-exec-4] WARN  o.h.e.jdbc.spi.SqlExceptionHelper - SQL Error: 23505, SQLState: 23505
2025-10-26 11:14:19.839 [http-nio-6969-exec-4] ERROR o.h.e.jdbc.spi.SqlExceptionHelper - Violación de indice de Unicidad ó Clave primaria: "PUBLIC.UKBOFW9PB7QVB0270JXBP90GRS6_INDEX_7 ON PUBLIC.FUNKOS(UUID NULLS FIRST) VALUES ( /* 1 */ CAST(3 AS BIGINT) )"
Unique index or primary key violation: "PUBLIC.UKBOFW9PB7QVB0270JXBP90GRS6_INDEX_7 ON PUBLIC.FUNKOS(UUID NULLS FIRST) VALUES ( /* 1 */ CAST(3 AS BIGINT) )"; SQL statement:
insert into funkos (categoria_id,fecha_lanzamiento,nombre,precio,uuid,id) values (?,?,?,?,?,default) [23505-232]
2025-10-26 11:14:19.857 [http-nio-6969-exec-4] ERROR o.a.c.c.C.[.[.[.[dispatcherServlet] - Servlet.service() for servlet [dispatcherServlet] in context with path [] threw exception [Request processing failed: org.springframework.dao.DataIntegrityViolationException: could not execute statement [Violación de indice de Unicidad ó Clave primaria: "PUBLIC.UKBOFW9PB7QVB0270JXBP90GRS6_INDEX_7 ON PUBLIC.FUNKOS(UUID NULLS FIRST) VALUES ( /* 1 */ CAST(3 AS BIGINT) )"
Unique index or primary key violation: "PUBLIC.UKBOFW9PB7QVB0270JXBP90GRS6_INDEX_7 ON PUBLIC.FUNKOS(UUID NULLS FIRST) VALUES ( /* 1 */ CAST(3 AS BIGINT) )"; SQL statement:
insert into funkos (categoria_id,fecha_lanzamiento,nombre,precio,uuid,id) values (?,?,?,?,?,default) [23505-232]] [insert into funkos (categoria_id,fecha_lanzamiento,nombre,precio,uuid,id) values (?,?,?,?,?,default)]; SQL [insert into funkos (categoria_id,fecha_lanzamiento,nombre,precio,uuid,id) values (?,?,?,?,?,default)]; constraint [PUBLIC.UKBOFW9PB7QVB0270JXBP90GRS6_INDEX_7]] with root cause
org.h2.jdbc.JdbcSQLIntegrityConstraintViolationException: Violación de indice de Unicidad ó Clave primaria: "PUBLIC.UKBOFW9PB7QVB0270JXBP90GRS6_INDEX_7 ON PUBLIC.FUNKOS(UUID NULLS FIRST) VALUES ( /* 1 */ CAST(3 AS BIGINT) )"
Unique index or primary key violation: "PUBLIC.UKBOFW9PB7QVB0270JXBP90GRS6_INDEX_7 ON PUBLIC.FUNKOS(UUID NULLS FIRST) VALUES ( /* 1 */ CAST(3 AS BIGINT) )"; SQL statement:
insert into funkos (categoria_id,fecha_lanzamiento,nombre,precio,uuid,id) values (?,?,?,?,?,default) [23505-232]
	at org.h2.message.DbException.getJdbcSQLException(DbException.java:520)
	at org.h2.message.DbException.getJdbcSQLException(DbException.java:489)
	at org.h2.message.DbException.get(DbException.java:223)
	at org.h2.message.DbException.get(DbException.java:199)
	at org.h2.index.Index.getDuplicateKeyException(Index.java:523)
	at org.h2.mvstore.db.MVSecondaryIndex.checkUnique(MVSecondaryIndex.java:223)
	at org.h2.mvstore.db.MVSecondaryIndex.add(MVSecondaryIndex.java:184)
	at org.h2.mvstore.db.MVTable.addRow(MVTable.java:517)
	at org.h2.command.dml.Insert.insertRows(Insert.java:174)
	at org.h2.command.dml.Insert.update(Insert.java:135)
	at org.h2.command.CommandContainer.executeUpdateWithGeneratedKeys(CommandContainer.java:212)
	at org.h2.command.CommandContainer.update(CommandContainer.java:133)
	at org.h2.command.Command.executeUpdate(Command.java:304)
	at org.h2.command.Command.executeUpdate(Command.java:248)
	at org.h2.jdbc.JdbcPreparedStatement.executeUpdateInternal(JdbcPreparedStatement.java:213)
	at org.h2.jdbc.JdbcPreparedStatement.executeUpdate(JdbcPreparedStatement.java:172)
	at com.zaxxer.hikari.pool.ProxyPreparedStatement.executeUpdate(ProxyPreparedStatement.java:61)
	at com.zaxxer.hikari.pool.HikariProxyPreparedStatement.executeUpdate(HikariProxyPreparedStatement.java)
	at org.hibernate.engine.jdbc.internal.ResultSetReturnImpl.executeUpdate(ResultSetReturnImpl.java:194)
	at org.hibernate.id.insert.GetGeneratedKeysDelegate.performMutation(GetGeneratedKeysDelegate.java:116)
	at org.hibernate.engine.jdbc.mutation.internal.MutationExecutorSingleNonBatched.performNonBatchedOperations(MutationExecutorSingleNonBatched.java:47)
	at org.hibernate.engine.jdbc.mutation.internal.AbstractMutationExecutor.execute(AbstractMutationExecutor.java:55)
	at org.hibernate.persister.entity.mutation.InsertCoordinatorStandard.doStaticInserts(InsertCoordinatorStandard.java:194)
	at org.hibernate.persister.entity.mutation.InsertCoordinatorStandard.coordinateInsert(InsertCoordinatorStandard.java:132)
	at org.hibernate.persister.entity.mutation.InsertCoordinatorStandard.insert(InsertCoordinatorStandard.java:95)
	at org.hibernate.action.internal.EntityIdentityInsertAction.execute(EntityIdentityInsertAction.java:85)
	at org.hibernate.engine.spi.ActionQueue.execute(ActionQueue.java:682)
	at org.hibernate.engine.spi.ActionQueue.addResolvedEntityInsertAction(ActionQueue.java:293)
	at org.hibernate.engine.spi.ActionQueue.addInsertAction(ActionQueue.java:274)
	at org.hibernate.engine.spi.ActionQueue.addAction(ActionQueue.java:324)
	at org.hibernate.event.internal.AbstractSaveEventListener.addInsertAction(AbstractSaveEventListener.java:394)
	at org.hibernate.event.internal.AbstractSaveEventListener.performSaveOrReplicate(AbstractSaveEventListener.java:308)
	at org.hibernate.event.internal.AbstractSaveEventListener.performSave(AbstractSaveEventListener.java:224)
	at org.hibernate.event.internal.AbstractSaveEventListener.saveWithGeneratedId(AbstractSaveEventListener.java:136)
	at org.hibernate.event.internal.DefaultPersistEventListener.entityIsTransient(DefaultPersistEventListener.java:177)
	at org.hibernate.event.internal.DefaultPersistEventListener.persist(DefaultPersistEventListener.java:95)
	at org.hibernate.event.internal.DefaultPersistEventListener.onPersist(DefaultPersistEventListener.java:79)
	at org.hibernate.event.internal.DefaultPersistEventListener.onPersist(DefaultPersistEventListener.java:55)
	at org.hibernate.event.service.internal.EventListenerGroupImpl.fireEventOnEachListener(EventListenerGroupImpl.java:127)
	at org.hibernate.internal.SessionImpl.firePersist(SessionImpl.java:761)
	at org.hibernate.internal.SessionImpl.persist(SessionImpl.java:745)
	at java.base/jdk.internal.reflect.DirectMethodHandleAccessor.invoke(DirectMethodHandleAccessor.java:104)
	at java.base/java.lang.reflect.Method.invoke(Method.java:565)
	at org.springframework.orm.jpa.ExtendedEntityManagerCreator$ExtendedEntityManagerInvocationHandler.invoke(ExtendedEntityManagerCreator.java:364)
	at jdk.proxy2/jdk.proxy2.$Proxy146.persist(Unknown Source)
	at java.base/jdk.internal.reflect.DirectMethodHandleAccessor.invoke(DirectMethodHandleAccessor.java:104)
	at java.base/java.lang.reflect.Method.invoke(Method.java:565)
	at org.springframework.orm.jpa.SharedEntityManagerCreator$SharedEntityManagerInvocationHandler.invoke(SharedEntityManagerCreator.java:320)
	at jdk.proxy2/jdk.proxy2.$Proxy146.persist(Unknown Source)
	at org.springframework.data.jpa.repository.support.SimpleJpaRepository.save(SimpleJpaRepository.java:654)
	at java.base/jdk.internal.reflect.DirectMethodHandleAccessor.invoke(DirectMethodHandleAccessor.java:104)
	at java.base/java.lang.reflect.Method.invoke(Method.java:565)
	at org.springframework.aop.support.AopUtils.invokeJoinpointUsingReflection(AopUtils.java:360)
	at org.springframework.data.repository.core.support.RepositoryMethodInvoker$RepositoryFragmentMethodInvoker.lambda$new$0(RepositoryMethodInvoker.java:277)
	at org.springframework.data.repository.core.support.RepositoryMethodInvoker.doInvoke(RepositoryMethodInvoker.java:170)
	at org.springframework.data.repository.core.support.RepositoryMethodInvoker.invoke(RepositoryMethodInvoker.java:158)
	at org.springframework.data.repository.core.support.RepositoryComposition$RepositoryFragments.invoke(RepositoryComposition.java:515)
	at org.springframework.data.repository.core.support.RepositoryComposition.invoke(RepositoryComposition.java:284)
	at org.springframework.data.repository.core.support.RepositoryFactorySupport$ImplementationMethodExecutionInterceptor.invoke(RepositoryFactorySupport.java:734)
	at org.springframework.aop.framework.ReflectiveMethodInvocation.proceed(ReflectiveMethodInvocation.java:184)
	at org.springframework.data.repository.core.support.QueryExecutorMethodInterceptor.doInvoke(QueryExecutorMethodInterceptor.java:174)
	at org.springframework.data.repository.core.support.QueryExecutorMethodInterceptor.invoke(QueryExecutorMethodInterceptor.java:149)
	at org.springframework.aop.framework.ReflectiveMethodInvocation.proceed(ReflectiveMethodInvocation.java:184)
	at org.springframework.data.projection.DefaultMethodInvokingMethodInterceptor.invoke(DefaultMethodInvokingMethodInterceptor.java:69)
	at org.springframework.aop.framework.ReflectiveMethodInvocation.proceed(ReflectiveMethodInvocation.java:184)
	at org.springframework.transaction.interceptor.TransactionAspectSupport.invokeWithinTransaction(TransactionAspectSupport.java:380)
	at org.springframework.transaction.interceptor.TransactionInterceptor.invoke(TransactionInterceptor.java:119)
	at org.springframework.aop.framework.ReflectiveMethodInvocation.proceed(ReflectiveMethodInvocation.java:184)
	at org.springframework.dao.support.PersistenceExceptionTranslationInterceptor.invoke(PersistenceExceptionTranslationInterceptor.java:138)
	at org.springframework.aop.framework.ReflectiveMethodInvocation.proceed(ReflectiveMethodInvocation.java:184)
	at org.springframework.data.jpa.repository.support.CrudMethodMetadataPostProcessor$CrudMethodMetadataPopulatingMethodInterceptor.invoke(CrudMethodMetadataPostProcessor.java:165)
	at org.springframework.aop.framework.ReflectiveMethodInvocation.proceed(ReflectiveMethodInvocation.java:184)
	at org.springframework.aop.framework.JdkDynamicAopProxy.invoke(JdkDynamicAopProxy.java:223)
	at jdk.proxy2/jdk.proxy2.$Proxy154.save(Unknown Source)
	at dev.adrian.Funko.service.FunkoServiceImpl.saveFromDTO(FunkoServiceImpl.java:85)
	at dev.adrian.Funko.controller.FunkoRestController.createFunko(FunkoRestController.java:47)
	at java.base/jdk.internal.reflect.DirectMethodHandleAccessor.invoke(DirectMethodHandleAccessor.java:104)
	at java.base/java.lang.reflect.Method.invoke(Method.java:565)
	at org.springframework.web.method.support.InvocableHandlerMethod.doInvoke(InvocableHandlerMethod.java:258)
	at org.springframework.web.method.support.InvocableHandlerMethod.invokeForRequest(InvocableHandlerMethod.java:191)
	at org.springframework.web.servlet.mvc.method.annotation.ServletInvocableHandlerMethod.invokeAndHandle(ServletInvocableHandlerMethod.java:118)
	at org.springframework.web.servlet.mvc.method.annotation.RequestMappingHandlerAdapter.invokeHandlerMethod(RequestMappingHandlerAdapter.java:991)
	at org.springframework.web.servlet.mvc.method.annotation.RequestMappingHandlerAdapter.handleInternal(RequestMappingHandlerAdapter.java:896)
	at org.springframework.web.servlet.mvc.method.AbstractHandlerMethodAdapter.handle(AbstractHandlerMethodAdapter.java:87)
	at org.springframework.web.servlet.DispatcherServlet.doDispatch(DispatcherServlet.java:1089)
	at org.springframework.web.servlet.DispatcherServlet.doService(DispatcherServlet.java:979)
	at org.springframework.web.servlet.FrameworkServlet.processRequest(FrameworkServlet.java:1014)
	at org.springframework.web.servlet.FrameworkServlet.doPost(FrameworkServlet.java:914)
	at jakarta.servlet.http.HttpServlet.service(HttpServlet.java:590)
	at org.springframework.web.servlet.FrameworkServlet.service(FrameworkServlet.java:885)
	at jakarta.servlet.http.HttpServlet.service(HttpServlet.java:658)
	at org.apache.catalina.core.ApplicationFilterChain.internalDoFilter(ApplicationFilterChain.java:195)
	at org.apache.catalina.core.ApplicationFilterChain.doFilter(ApplicationFilterChain.java:140)
	at org.apache.tomcat.websocket.server.WsFilter.doFilter(WsFilter.java:51)
	at org.apache.catalina.core.ApplicationFilterChain.internalDoFilter(ApplicationFilterChain.java:164)
	at org.apache.catalina.core.ApplicationFilterChain.doFilter(ApplicationFilterChain.java:140)
	at org.springframework.web.filter.RequestContextFilter.doFilterInternal(RequestContextFilter.java:100)
	at org.springframework.web.filter.OncePerRequestFilter.doFilter(OncePerRequestFilter.java:116)
	at org.apache.catalina.core.ApplicationFilterChain.internalDoFilter(ApplicationFilterChain.java:164)
	at org.apache.catalina.core.ApplicationFilterChain.doFilter(ApplicationFilterChain.java:140)
	at org.springframework.web.filter.FormContentFilter.doFilterInternal(FormContentFilter.java:93)
	at org.springframework.web.filter.OncePerRequestFilter.doFilter(OncePerRequestFilter.java:116)
	at org.apache.catalina.core.ApplicationFilterChain.internalDoFilter(ApplicationFilterChain.java:164)
	at org.apache.catalina.core.ApplicationFilterChain.doFilter(ApplicationFilterChain.java:140)
	at org.springframework.web.filter.ServerHttpObservationFilter.doFilterInternal(ServerHttpObservationFilter.java:110)
	at org.springframework.web.filter.OncePerRequestFilter.doFilter(OncePerRequestFilter.java:116)
	at org.apache.catalina.core.ApplicationFilterChain.internalDoFilter(ApplicationFilterChain.java:164)
	at org.apache.catalina.core.ApplicationFilterChain.doFilter(ApplicationFilterChain.java:140)
	at org.springframework.web.filter.CharacterEncodingFilter.doFilterInternal(CharacterEncodingFilter.java:201)
	at org.springframework.web.filter.OncePerRequestFilter.doFilter(OncePerRequestFilter.java:116)
	at org.apache.catalina.core.ApplicationFilterChain.internalDoFilter(ApplicationFilterChain.java:164)
	at org.apache.catalina.core.ApplicationFilterChain.doFilter(ApplicationFilterChain.java:140)
	at org.apache.catalina.core.StandardWrapperValve.invoke(StandardWrapperValve.java:167)
	at org.apache.catalina.core.StandardContextValve.invoke(StandardContextValve.java:90)
	at org.apache.catalina.authenticator.AuthenticatorBase.invoke(AuthenticatorBase.java:483)
	at org.apache.catalina.core.StandardHostValve.invoke(StandardHostValve.java:116)
	at org.apache.catalina.valves.ErrorReportValve.invoke(ErrorReportValve.java:93)
	at org.apache.catalina.core.StandardEngineValve.invoke(StandardEngineValve.java:74)
	at org.apache.catalina.connector.CoyoteAdapter.service(CoyoteAdapter.java:344)
	at org.apache.coyote.http11.Http11Processor.service(Http11Processor.java:398)
	at org.apache.coyote.AbstractProcessorLight.process(AbstractProcessorLight.java:63)
	at org.apache.coyote.AbstractProtocol$ConnectionHandler.process(AbstractProtocol.java:903)
	at org.apache.tomcat.util.net.NioEndpoint$SocketProcessor.doRun(NioEndpoint.java:1776)
	at org.apache.tomcat.util.net.SocketProcessorBase.run(SocketProcessorBase.java:52)
	at org.apache.tomcat.util.threads.ThreadPoolExecutor.runWorker(ThreadPoolExecutor.java:975)
	at org.apache.tomcat.util.threads.ThreadPoolExecutor$Worker.run(ThreadPoolExecutor.java:493)
	at org.apache.tomcat.util.threads.TaskThread$WrappingRunnable.run(TaskThread.java:63)
	at java.base/java.lang.Thread.run(Thread.java:1474)
2025-10-26 11:14:50.075 [MessageBroker-1] INFO  o.s.w.s.c.WebSocketMessageBrokerStats - WebSocketSession[0 current WS(0)-HttpStream(0)-HttpPoll(0), 0 total, 0 closed abnormally (0 connect failure, 0 send limit, 0 transport error)], stompSubProtocol[processed CONNECT(0)-CONNECTED(0)-DISCONNECT(0)], stompBrokerRelay[null], inboundChannel[pool size = 0, active threads = 0, queued tasks = 0, completed tasks = 0], outboundChannel[pool size = 0, active threads = 0, queued tasks = 0, completed tasks = 0], sockJsScheduler[pool size = 1, active threads = 1, queued tasks = 0, completed tasks = 0]
2025-10-26 11:15:04.014 [http-nio-6969-exec-6] INFO  d.a.Funko.service.FunkoServiceImpl - findAll - Recuperando todos los Funkos...
2025-10-26 11:15:04.072 [http-nio-6969-exec-6] INFO  d.a.Funko.service.FunkoServiceImpl - findAll - Total de Funkos encontrados: 2
2025-10-26 11:15:28.070 [SpringApplicationShutdownHook] INFO  o.s.b.w.e.tomcat.GracefulShutdown - Commencing graceful shutdown. Waiting for active requests to complete
2025-10-26 11:15:28.085 [tomcat-shutdown] INFO  o.s.b.w.e.tomcat.GracefulShutdown - Graceful shutdown complete
2025-10-26 11:15:28.087 [SpringApplicationShutdownHook] INFO  o.s.m.s.b.SimpleBrokerMessageHandler - Stopping...
2025-10-26 11:15:28.088 [SpringApplicationShutdownHook] INFO  o.s.m.s.b.SimpleBrokerMessageHandler - BrokerAvailabilityEvent[available=false, SimpleBrokerMessageHandler [org.springframework.messaging.simp.broker.DefaultSubscriptionRegistry@2ceb722e]]
2025-10-26 11:15:28.088 [SpringApplicationShutdownHook] INFO  o.s.m.s.b.SimpleBrokerMessageHandler - Stopped.
2025-10-26 11:15:28.092 [SpringApplicationShutdownHook] INFO  o.s.o.j.LocalContainerEntityManagerFactoryBean - Closing JPA EntityManagerFactory for persistence unit 'default'
2025-10-26 11:15:28.096 [SpringApplicationShutdownHook] INFO  com.zaxxer.hikari.HikariDataSource - HikariPool-1 - Shutdown initiated...
2025-10-26 11:15:28.099 [SpringApplicationShutdownHook] INFO  com.zaxxer.hikari.HikariDataSource - HikariPool-1 - Shutdown completed.
2025-10-26 11:36:57.487 [background-preinit] INFO  o.h.validator.internal.util.Version - HV000001: Hibernate Validator 8.0.3.Final
2025-10-26 11:36:57.546 [main] INFO  dev.adrian.FunkoApplication - Starting FunkoApplication using Java 25 with PID 9600 (C:\Users\USUARIO\Desktop\Funko\build\classes\java\main started by USUARIO in C:\Users\USUARIO\Desktop\Funko)
2025-10-26 11:36:57.546 [main] DEBUG dev.adrian.FunkoApplication - Running with Spring Boot v3.5.6, Spring v6.2.11
2025-10-26 11:36:57.547 [main] INFO  dev.adrian.FunkoApplication - The following 1 profile is active: "dev"
2025-10-26 11:36:58.747 [main] INFO  o.s.d.r.c.RepositoryConfigurationDelegate - Bootstrapping Spring Data JPA repositories in DEFAULT mode.
2025-10-26 11:36:58.865 [main] INFO  o.s.d.r.c.RepositoryConfigurationDelegate - Finished Spring Data repository scanning in 106 ms. Found 2 JPA repository interfaces.
2025-10-26 11:36:59.573 [main] INFO  o.s.b.w.e.tomcat.TomcatWebServer - Tomcat initialized with port 6969 (http)
2025-10-26 11:36:59.589 [main] INFO  o.a.coyote.http11.Http11NioProtocol - Initializing ProtocolHandler ["http-nio-6969"]
2025-10-26 11:36:59.591 [main] INFO  o.a.catalina.core.StandardService - Starting service [Tomcat]
2025-10-26 11:36:59.592 [main] INFO  o.a.catalina.core.StandardEngine - Starting Servlet engine: [Apache Tomcat/10.1.46]
2025-10-26 11:36:59.667 [main] INFO  o.a.c.c.C.[Tomcat].[localhost].[/] - Initializing Spring embedded WebApplicationContext
2025-10-26 11:36:59.667 [main] INFO  o.s.b.w.s.c.ServletWebServerApplicationContext - Root WebApplicationContext: initialization completed in 2066 ms
2025-10-26 11:37:00.040 [main] INFO  o.h.jpa.internal.util.LogHelper - HHH000204: Processing PersistenceUnitInfo [name: default]
2025-10-26 11:37:00.099 [main] INFO  org.hibernate.Version - HHH000412: Hibernate ORM core version 6.6.29.Final
2025-10-26 11:37:00.139 [main] INFO  o.h.c.i.RegionFactoryInitiator - HHH000026: Second-level cache disabled
2025-10-26 11:37:00.519 [main] INFO  o.s.o.j.p.SpringPersistenceUnitInfo - No LoadTimeWeaver setup: ignoring JPA class transformer
2025-10-26 11:37:00.558 [main] INFO  com.zaxxer.hikari.HikariDataSource - HikariPool-1 - Starting...
2025-10-26 11:37:00.823 [main] INFO  com.zaxxer.hikari.pool.HikariPool - HikariPool-1 - Added connection conn0: url=jdbc:h2:mem:funkodb user=SA
2025-10-26 11:37:00.826 [main] INFO  com.zaxxer.hikari.HikariDataSource - HikariPool-1 - Start completed.
2025-10-26 11:37:00.858 [main] WARN  org.hibernate.orm.deprecation - HHH90000025: H2Dialect does not need to be specified explicitly using 'hibernate.dialect' (remove the property setting and it will be selected by default)
2025-10-26 11:37:00.887 [main] INFO  o.hibernate.orm.connections.pooling - HHH10001005: Database info:
	Database JDBC URL [Connecting through datasource 'HikariDataSource (HikariPool-1)']
	Database driver: undefined/unknown
	Database version: 2.3.232
	Autocommit mode: undefined/unknown
	Isolation level: undefined/unknown
	Minimum pool size: undefined/unknown
	Maximum pool size: undefined/unknown
2025-10-26 11:37:02.156 [main] INFO  o.h.e.t.j.p.i.JtaPlatformInitiator - HHH000489: No JTA platform available (set 'hibernate.transaction.jta.platform' to enable JTA platform integration)
2025-10-26 11:37:02.279 [main] INFO  o.s.o.j.LocalContainerEntityManagerFactoryBean - Initialized JPA EntityManagerFactory for persistence unit 'default'
2025-10-26 11:37:03.209 [main] WARN  o.s.b.a.o.j.JpaBaseConfiguration$JpaWebConfiguration - spring.jpa.open-in-view is enabled by default. Therefore, database queries may be performed during view rendering. Explicitly configure spring.jpa.open-in-view to disable this warning
2025-10-26 11:37:03.892 [main] INFO  o.s.b.a.h.H2ConsoleAutoConfiguration - H2 console available at '/h2-console'. Database available at 'jdbc:h2:mem:funkodb'
2025-10-26 11:37:03.925 [main] INFO  o.s.b.a.e.web.EndpointLinksResolver - Exposing 1 endpoint beneath base path '/actuator'
2025-10-26 11:37:04.044 [main] INFO  o.s.m.s.b.SimpleBrokerMessageHandler - Starting...
2025-10-26 11:37:04.046 [main] INFO  o.s.m.s.b.SimpleBrokerMessageHandler - BrokerAvailabilityEvent[available=true, SimpleBrokerMessageHandler [org.springframework.messaging.simp.broker.DefaultSubscriptionRegistry@5b9aac82]]
2025-10-26 11:37:04.047 [main] INFO  o.s.m.s.b.SimpleBrokerMessageHandler - Started.
2025-10-26 11:37:04.048 [main] INFO  o.a.coyote.http11.Http11NioProtocol - Starting ProtocolHandler ["http-nio-6969"]
2025-10-26 11:37:04.074 [main] INFO  o.s.b.w.e.tomcat.TomcatWebServer - Tomcat started on port 6969 (http) with context path '/'
2025-10-26 11:37:04.089 [main] INFO  dev.adrian.FunkoApplication - Started FunkoApplication in 7.241 seconds (process running for 7.891)
2025-10-26 11:37:04.730 [RMI TCP Connection(2)-192.168.1.25] INFO  o.a.c.c.C.[Tomcat].[localhost].[/] - Initializing Spring DispatcherServlet 'dispatcherServlet'
2025-10-26 11:37:04.731 [RMI TCP Connection(2)-192.168.1.25] INFO  o.s.web.servlet.DispatcherServlet - Initializing Servlet 'dispatcherServlet'
2025-10-26 11:37:04.732 [RMI TCP Connection(2)-192.168.1.25] INFO  o.s.web.servlet.DispatcherServlet - Completed initialization in 1 ms
2025-10-26 11:37:13.519 [http-nio-6969-exec-3] INFO  d.a.Funko.service.FunkoServiceImpl - findAll - Recuperando todos los Funkos...
2025-10-26 11:37:13.536 [http-nio-6969-exec-3] INFO  d.a.Funko.service.FunkoServiceImpl - findAll - Total de Funkos encontrados: 0
2025-10-26 11:37:24.092 [http-nio-6969-exec-2] INFO  d.a.Funko.service.FunkoServiceImpl - saveFromDTO - Creando Funko desde DTO: Goku SSJ
2025-10-26 11:37:24.101 [http-nio-6969-exec-2] INFO  d.a.Funko.service.FunkoServiceImpl - saveFromDTO - Categoría encontrada: ANIME
2025-10-26 11:37:24.101 [http-nio-6969-exec-2] INFO  d.a.Funko.service.FunkoServiceImpl - saveFromDTO - Validación completada para Funko: Goku SSJ
2025-10-26 11:37:24.112 [http-nio-6969-exec-2] INFO  d.a.Funko.service.FunkoServiceImpl - saveFromDTO - Funko guardado con ID: 1
2025-10-26 11:37:35.514 [http-nio-6969-exec-4] INFO  d.a.Funko.service.FunkoServiceImpl - saveFromDTO - Creando Funko desde DTO: Vegeta SSJ
2025-10-26 11:37:35.519 [http-nio-6969-exec-4] INFO  d.a.Funko.service.FunkoServiceImpl - saveFromDTO - Categoría encontrada: ANIME
2025-10-26 11:37:35.519 [http-nio-6969-exec-4] INFO  d.a.Funko.service.FunkoServiceImpl - saveFromDTO - Validación completada para Funko: Vegeta SSJ
2025-10-26 11:37:35.523 [http-nio-6969-exec-4] INFO  d.a.Funko.service.FunkoServiceImpl - saveFromDTO - Funko guardado con ID: 2
2025-10-26 11:37:39.125 [http-nio-6969-exec-5] INFO  d.a.Funko.service.FunkoServiceImpl - saveFromDTO - Creando Funko desde DTO: Vegeta SSJ
2025-10-26 11:37:39.129 [http-nio-6969-exec-5] INFO  d.a.Funko.service.FunkoServiceImpl - saveFromDTO - Categoría encontrada: ANIME
2025-10-26 11:37:39.129 [http-nio-6969-exec-5] INFO  d.a.Funko.service.FunkoServiceImpl - saveFromDTO - Validación completada para Funko: Vegeta SSJ
2025-10-26 11:37:39.137 [http-nio-6969-exec-5] WARN  o.h.e.jdbc.spi.SqlExceptionHelper - SQL Error: 23505, SQLState: 23505
2025-10-26 11:37:39.137 [http-nio-6969-exec-5] ERROR o.h.e.jdbc.spi.SqlExceptionHelper - Violación de indice de Unicidad ó Clave primaria: "PUBLIC.UKBOFW9PB7QVB0270JXBP90GRS6_INDEX_7 ON PUBLIC.FUNKOS(UUID NULLS FIRST) VALUES ( /* 1 */ CAST(3 AS BIGINT) )"
Unique index or primary key violation: "PUBLIC.UKBOFW9PB7QVB0270JXBP90GRS6_INDEX_7 ON PUBLIC.FUNKOS(UUID NULLS FIRST) VALUES ( /* 1 */ CAST(3 AS BIGINT) )"; SQL statement:
insert into funkos (categoria_id,fecha_lanzamiento,nombre,precio,uuid,id) values (?,?,?,?,?,default) [23505-232]
2025-10-26 11:38:03.973 [MessageBroker-1] INFO  o.s.w.s.c.WebSocketMessageBrokerStats - WebSocketSession[0 current WS(0)-HttpStream(0)-HttpPoll(0), 0 total, 0 closed abnormally (0 connect failure, 0 send limit, 0 transport error)], stompSubProtocol[processed CONNECT(0)-CONNECTED(0)-DISCONNECT(0)], stompBrokerRelay[null], inboundChannel[pool size = 0, active threads = 0, queued tasks = 0, completed tasks = 0], outboundChannel[pool size = 0, active threads = 0, queued tasks = 0, completed tasks = 0], sockJsScheduler[pool size = 1, active threads = 1, queued tasks = 0, completed tasks = 0]
2025-10-26 11:38:16.524 [http-nio-6969-exec-6] INFO  d.a.Funko.service.FunkoServiceImpl - findAll - Recuperando todos los Funkos...
2025-10-26 11:38:16.538 [http-nio-6969-exec-6] INFO  d.a.Funko.service.FunkoServiceImpl - findAll - Total de Funkos encontrados: 2
2025-10-26 11:38:25.637 [http-nio-6969-exec-8] INFO  d.a.Funko.service.FunkoServiceImpl - findAll - Recuperando todos los Funkos...
2025-10-26 11:38:25.642 [http-nio-6969-exec-8] INFO  d.a.Funko.service.FunkoServiceImpl - findAll - Total de Funkos encontrados: 2
2025-10-26 11:38:31.458 [http-nio-6969-exec-7] INFO  d.a.Funko.service.FunkoServiceImpl - findById - Buscando Funko con ID: 2
2025-10-26 11:38:31.468 [http-nio-6969-exec-7] INFO  d.a.Funko.service.FunkoServiceImpl - findById - Funko encontrado: Vegeta SSJ
2025-10-26 11:38:36.638 [http-nio-6969-exec-9] INFO  d.a.Funko.service.FunkoServiceImpl - findById - Buscando Funko con ID: 2
2025-10-26 11:38:36.639 [http-nio-6969-exec-9] INFO  d.a.Funko.service.FunkoServiceImpl - findById - Funko encontrado: Vegeta SSJ
2025-10-26 11:38:36.641 [http-nio-6969-exec-9] INFO  d.a.Funko.service.FunkoServiceImpl - deleteById - Intentando eliminar Funko con ID: 2
2025-10-26 11:38:36.656 [http-nio-6969-exec-9] INFO  d.a.Funko.service.FunkoServiceImpl - deleteById - Funko eliminado con éxito: 2
2025-10-26 11:38:40.844 [http-nio-6969-exec-10] WARN  o.s.w.s.m.s.DefaultHandlerExceptionResolver - Resolved [org.springframework.web.HttpRequestMethodNotSupportedException: Request method 'DELETE' is not supported]
2025-10-26 11:38:45.115 [http-nio-6969-exec-1] INFO  d.a.Funko.service.FunkoServiceImpl - findAll - Recuperando todos los Funkos...
2025-10-26 11:38:45.119 [http-nio-6969-exec-1] INFO  d.a.Funko.service.FunkoServiceImpl - findAll - Total de Funkos encontrados: 1
2025-10-26 11:39:05.389 [http-nio-6969-exec-3] INFO  d.a.Funko.service.FunkoServiceImpl - updateFromDTO - Actualizando Funko con ID: 1
2025-10-26 11:39:05.391 [http-nio-6969-exec-3] INFO  d.a.Funko.service.FunkoServiceImpl - updateFromDTO - Validación completada para Funko actualizado
2025-10-26 11:39:05.403 [http-nio-6969-exec-3] INFO  d.a.Funko.service.FunkoServiceImpl - updateFromDTO - Funko guardado correctamente con ID: 1
2025-10-26 11:39:17.442 [http-nio-6969-exec-2] INFO  d.a.Funko.service.FunkoServiceImpl - findById - Buscando Funko con ID: 1
2025-10-26 11:39:17.446 [http-nio-6969-exec-2] INFO  d.a.Funko.service.FunkoServiceImpl - findById - Funko encontrado: Vegeta SSJ
2025-10-26 11:39:27.170 [http-nio-6969-exec-4] INFO  d.a.Funko.service.FunkoServiceImpl - updateFromDTO - Actualizando Funko con ID: 1
2025-10-26 11:39:27.173 [http-nio-6969-exec-4] INFO  d.a.Funko.service.FunkoServiceImpl - updateFromDTO - Validación completada para Funko actualizado
2025-10-26 11:39:27.177 [http-nio-6969-exec-4] INFO  d.a.Funko.service.FunkoServiceImpl - updateFromDTO - Funko guardado correctamente con ID: 1
2025-10-26 11:39:30.289 [http-nio-6969-exec-5] INFO  d.a.Funko.service.FunkoServiceImpl - findById - Buscando Funko con ID: 1
2025-10-26 11:39:30.294 [http-nio-6969-exec-5] INFO  d.a.Funko.service.FunkoServiceImpl - findById - Funko encontrado: Goku SSJ
2025-10-26 11:39:41.364 [http-nio-6969-exec-6] INFO  d.a.Funko.service.FunkoServiceImpl - partialUpdateFromDTO - Actualización parcial del Funko con ID: 1
2025-10-26 11:39:41.366 [http-nio-6969-exec-6] INFO  d.a.Funko.service.FunkoServiceImpl - partialUpdateFromDTO - Campos aplicados desde Patch DTO
2025-10-26 11:39:41.369 [http-nio-6969-exec-6] INFO  d.a.Funko.service.FunkoServiceImpl - partialUpdateFromDTO - Funko parcialmente actualizado con ID: 1
2025-10-26 11:39:47.965 [http-nio-6969-exec-8] INFO  d.a.Funko.service.FunkoServiceImpl - findById - Buscando Funko con ID: 1
2025-10-26 11:39:47.968 [http-nio-6969-exec-8] INFO  d.a.Funko.service.FunkoServiceImpl - findById - Funko encontrado: Goku SSJ
2025-10-26 11:39:56.551 [SpringApplicationShutdownHook] INFO  o.s.b.w.e.tomcat.GracefulShutdown - Commencing graceful shutdown. Waiting for active requests to complete
2025-10-26 11:39:56.566 [tomcat-shutdown] INFO  o.s.b.w.e.tomcat.GracefulShutdown - Graceful shutdown complete
2025-10-26 11:39:56.568 [SpringApplicationShutdownHook] INFO  o.s.m.s.b.SimpleBrokerMessageHandler - Stopping...
2025-10-26 11:39:56.569 [SpringApplicationShutdownHook] INFO  o.s.m.s.b.SimpleBrokerMessageHandler - BrokerAvailabilityEvent[available=false, SimpleBrokerMessageHandler [org.springframework.messaging.simp.broker.DefaultSubscriptionRegistry@5b9aac82]]
2025-10-26 11:39:56.569 [SpringApplicationShutdownHook] INFO  o.s.m.s.b.SimpleBrokerMessageHandler - Stopped.
2025-10-26 11:39:56.574 [SpringApplicationShutdownHook] INFO  o.s.o.j.LocalContainerEntityManagerFactoryBean - Closing JPA EntityManagerFactory for persistence unit 'default'
2025-10-26 11:39:56.576 [SpringApplicationShutdownHook] INFO  com.zaxxer.hikari.HikariDataSource - HikariPool-1 - Shutdown initiated...
2025-10-26 11:39:56.579 [SpringApplicationShutdownHook] INFO  com.zaxxer.hikari.HikariDataSource - HikariPool-1 - Shutdown completed.
2025-10-26 11:52:05.916 [background-preinit] INFO  o.h.validator.internal.util.Version - HV000001: Hibernate Validator 8.0.3.Final
2025-10-26 11:52:05.975 [main] INFO  dev.adrian.FunkoApplication - Starting FunkoApplication using Java 25 with PID 3432 (C:\Users\USUARIO\Desktop\Funko\build\classes\java\main started by USUARIO in C:\Users\USUARIO\Desktop\Funko)
2025-10-26 11:52:05.976 [main] DEBUG dev.adrian.FunkoApplication - Running with Spring Boot v3.5.6, Spring v6.2.11
2025-10-26 11:52:05.977 [main] INFO  dev.adrian.FunkoApplication - The following 1 profile is active: "dev"
2025-10-26 11:52:07.238 [main] INFO  o.s.d.r.c.RepositoryConfigurationDelegate - Bootstrapping Spring Data JPA repositories in DEFAULT mode.
2025-10-26 11:52:07.331 [main] INFO  o.s.d.r.c.RepositoryConfigurationDelegate - Finished Spring Data repository scanning in 81 ms. Found 2 JPA repository interfaces.
2025-10-26 11:52:08.095 [main] INFO  o.s.b.w.e.tomcat.TomcatWebServer - Tomcat initialized with port 6969 (http)
2025-10-26 11:52:08.115 [main] INFO  o.a.coyote.http11.Http11NioProtocol - Initializing ProtocolHandler ["http-nio-6969"]
2025-10-26 11:52:08.118 [main] INFO  o.a.catalina.core.StandardService - Starting service [Tomcat]
2025-10-26 11:52:08.118 [main] INFO  o.a.catalina.core.StandardEngine - Starting Servlet engine: [Apache Tomcat/10.1.46]
2025-10-26 11:52:08.197 [main] INFO  o.a.c.c.C.[Tomcat].[localhost].[/] - Initializing Spring embedded WebApplicationContext
2025-10-26 11:52:08.198 [main] INFO  o.s.b.w.s.c.ServletWebServerApplicationContext - Root WebApplicationContext: initialization completed in 2162 ms
2025-10-26 11:52:08.576 [main] INFO  o.h.jpa.internal.util.LogHelper - HHH000204: Processing PersistenceUnitInfo [name: default]
2025-10-26 11:52:08.652 [main] INFO  org.hibernate.Version - HHH000412: Hibernate ORM core version 6.6.29.Final
2025-10-26 11:52:08.698 [main] INFO  o.h.c.i.RegionFactoryInitiator - HHH000026: Second-level cache disabled
2025-10-26 11:52:09.109 [main] INFO  o.s.o.j.p.SpringPersistenceUnitInfo - No LoadTimeWeaver setup: ignoring JPA class transformer
2025-10-26 11:52:09.154 [main] INFO  com.zaxxer.hikari.HikariDataSource - HikariPool-1 - Starting...
2025-10-26 11:52:09.420 [main] INFO  com.zaxxer.hikari.pool.HikariPool - HikariPool-1 - Added connection conn0: url=jdbc:h2:mem:funkodb user=SA
2025-10-26 11:52:09.421 [main] INFO  com.zaxxer.hikari.HikariDataSource - HikariPool-1 - Start completed.
2025-10-26 11:52:09.451 [main] WARN  org.hibernate.orm.deprecation - HHH90000025: H2Dialect does not need to be specified explicitly using 'hibernate.dialect' (remove the property setting and it will be selected by default)
2025-10-26 11:52:09.486 [main] INFO  o.hibernate.orm.connections.pooling - HHH10001005: Database info:
	Database JDBC URL [Connecting through datasource 'HikariDataSource (HikariPool-1)']
	Database driver: undefined/unknown
	Database version: 2.3.232
	Autocommit mode: undefined/unknown
	Isolation level: undefined/unknown
	Minimum pool size: undefined/unknown
	Maximum pool size: undefined/unknown
2025-10-26 11:52:10.741 [main] INFO  o.h.e.t.j.p.i.JtaPlatformInitiator - HHH000489: No JTA platform available (set 'hibernate.transaction.jta.platform' to enable JTA platform integration)
2025-10-26 11:52:10.827 [main] INFO  o.s.o.j.LocalContainerEntityManagerFactoryBean - Initialized JPA EntityManagerFactory for persistence unit 'default'
2025-10-26 11:52:11.374 [main] WARN  o.s.b.a.o.j.JpaBaseConfiguration$JpaWebConfiguration - spring.jpa.open-in-view is enabled by default. Therefore, database queries may be performed during view rendering. Explicitly configure spring.jpa.open-in-view to disable this warning
2025-10-26 11:52:12.037 [main] INFO  o.s.b.a.h.H2ConsoleAutoConfiguration - H2 console available at '/h2-console'. Database available at 'jdbc:h2:mem:funkodb'
2025-10-26 11:52:12.078 [main] INFO  o.s.b.a.e.web.EndpointLinksResolver - Exposing 1 endpoint beneath base path '/actuator'
2025-10-26 11:52:12.180 [main] INFO  o.a.coyote.http11.Http11NioProtocol - Starting ProtocolHandler ["http-nio-6969"]
2025-10-26 11:52:12.201 [main] INFO  o.s.b.w.e.tomcat.TomcatWebServer - Tomcat started on port 6969 (http) with context path '/'
2025-10-26 11:52:12.216 [main] INFO  dev.adrian.FunkoApplication - Started FunkoApplication in 6.931 seconds (process running for 7.582)
2025-10-26 11:52:13.055 [RMI TCP Connection(4)-192.168.1.25] INFO  o.a.c.c.C.[Tomcat].[localhost].[/] - Initializing Spring DispatcherServlet 'dispatcherServlet'
2025-10-26 11:52:13.055 [RMI TCP Connection(4)-192.168.1.25] INFO  o.s.web.servlet.DispatcherServlet - Initializing Servlet 'dispatcherServlet'
2025-10-26 11:52:13.057 [RMI TCP Connection(4)-192.168.1.25] INFO  o.s.web.servlet.DispatcherServlet - Completed initialization in 1 ms
2025-10-26 11:52:27.345 [http-nio-6969-exec-2] INFO  d.a.Funko.service.FunkoServiceImpl - findAll - Recuperando todos los Funkos...
2025-10-26 11:52:34.025 [http-nio-6969-exec-8] INFO  d.a.Funko.service.FunkoServiceImpl - saveFromDTO - Creando Funko desde DTO: Goku SSJ
2025-10-26 11:52:34.036 [http-nio-6969-exec-8] INFO  d.a.Funko.service.FunkoServiceImpl - saveFromDTO - Funko guardado con ID: 1
2025-10-26 11:52:34.036 [http-nio-6969-exec-8] DEBUG d.a.Funko.service.FunkoServiceImpl - WebSocket - Notificación tipo: CREATE para Funko: Goku SSJ
2025-10-26 11:52:34.081 [http-nio-6969-exec-8] ERROR d.a.Funko.service.FunkoServiceImpl - Error al convertir notificación a JSON
com.fasterxml.jackson.databind.exc.InvalidDefinitionException: Java 8 date/time type `java.time.LocalDate` not supported by default: add Module "com.fasterxml.jackson.datatype:jackson-datatype-jsr310" to enable handling (or disable `MapperFeature.REQUIRE_HANDLERS_FOR_JAVA8_TIMES`) (through reference chain: dev.adrian.Funko.service.Notificacion["data"]->dev.adrian.Funko.dto.FunkoResponseDTO["fechaLanzamiento"])
	at com.fasterxml.jackson.databind.exc.InvalidDefinitionException.from(InvalidDefinitionException.java:77)
	at com.fasterxml.jackson.databind.SerializerProvider.reportBadDefinition(SerializerProvider.java:1359)
	at com.fasterxml.jackson.databind.ser.impl.UnsupportedTypeSerializer.serialize(UnsupportedTypeSerializer.java:34)
	at com.fasterxml.jackson.databind.ser.BeanPropertyWriter.serializeAsField(BeanPropertyWriter.java:732)
	at com.fasterxml.jackson.databind.ser.std.BeanSerializerBase.serializeFields(BeanSerializerBase.java:760)
	at com.fasterxml.jackson.databind.ser.BeanSerializer.serialize(BeanSerializer.java:183)
	at com.fasterxml.jackson.databind.ser.BeanPropertyWriter.serializeAsField(BeanPropertyWriter.java:732)
	at com.fasterxml.jackson.databind.ser.std.BeanSerializerBase.serializeFields(BeanSerializerBase.java:760)
	at com.fasterxml.jackson.databind.ser.BeanSerializer.serialize(BeanSerializer.java:183)
	at com.fasterxml.jackson.databind.ser.DefaultSerializerProvider._serialize(DefaultSerializerProvider.java:503)
	at com.fasterxml.jackson.databind.ser.DefaultSerializerProvider.serializeValue(DefaultSerializerProvider.java:342)
	at com.fasterxml.jackson.databind.ObjectMapper._writeValueAndClose(ObjectMapper.java:4859)
	at com.fasterxml.jackson.databind.ObjectMapper.writeValueAsString(ObjectMapper.java:4079)
	at dev.adrian.Funko.service.FunkoServiceImpl.onChange(FunkoServiceImpl.java:137)
	at dev.adrian.Funko.service.FunkoServiceImpl.saveFromDTO(FunkoServiceImpl.java:77)
	at dev.adrian.Funko.controller.FunkoRestController.createFunko(FunkoRestController.java:47)
	at java.base/jdk.internal.reflect.DirectMethodHandleAccessor.invoke(DirectMethodHandleAccessor.java:104)
	at java.base/java.lang.reflect.Method.invoke(Method.java:565)
	at org.springframework.web.method.support.InvocableHandlerMethod.doInvoke(InvocableHandlerMethod.java:258)
	at org.springframework.web.method.support.InvocableHandlerMethod.invokeForRequest(InvocableHandlerMethod.java:191)
	at org.springframework.web.servlet.mvc.method.annotation.ServletInvocableHandlerMethod.invokeAndHandle(ServletInvocableHandlerMethod.java:118)
	at org.springframework.web.servlet.mvc.method.annotation.RequestMappingHandlerAdapter.invokeHandlerMethod(RequestMappingHandlerAdapter.java:991)
	at org.springframework.web.servlet.mvc.method.annotation.RequestMappingHandlerAdapter.handleInternal(RequestMappingHandlerAdapter.java:896)
	at org.springframework.web.servlet.mvc.method.AbstractHandlerMethodAdapter.handle(AbstractHandlerMethodAdapter.java:87)
	at org.springframework.web.servlet.DispatcherServlet.doDispatch(DispatcherServlet.java:1089)
	at org.springframework.web.servlet.DispatcherServlet.doService(DispatcherServlet.java:979)
	at org.springframework.web.servlet.FrameworkServlet.processRequest(FrameworkServlet.java:1014)
	at org.springframework.web.servlet.FrameworkServlet.doPost(FrameworkServlet.java:914)
	at jakarta.servlet.http.HttpServlet.service(HttpServlet.java:590)
	at org.springframework.web.servlet.FrameworkServlet.service(FrameworkServlet.java:885)
	at jakarta.servlet.http.HttpServlet.service(HttpServlet.java:658)
	at org.apache.catalina.core.ApplicationFilterChain.internalDoFilter(ApplicationFilterChain.java:195)
	at org.apache.catalina.core.ApplicationFilterChain.doFilter(ApplicationFilterChain.java:140)
	at org.apache.tomcat.websocket.server.WsFilter.doFilter(WsFilter.java:51)
	at org.apache.catalina.core.ApplicationFilterChain.internalDoFilter(ApplicationFilterChain.java:164)
	at org.apache.catalina.core.ApplicationFilterChain.doFilter(ApplicationFilterChain.java:140)
	at org.springframework.web.filter.RequestContextFilter.doFilterInternal(RequestContextFilter.java:100)
	at org.springframework.web.filter.OncePerRequestFilter.doFilter(OncePerRequestFilter.java:116)
	at org.apache.catalina.core.ApplicationFilterChain.internalDoFilter(ApplicationFilterChain.java:164)
	at org.apache.catalina.core.ApplicationFilterChain.doFilter(ApplicationFilterChain.java:140)
	at org.springframework.web.filter.FormContentFilter.doFilterInternal(FormContentFilter.java:93)
	at org.springframework.web.filter.OncePerRequestFilter.doFilter(OncePerRequestFilter.java:116)
	at org.apache.catalina.core.ApplicationFilterChain.internalDoFilter(ApplicationFilterChain.java:164)
	at org.apache.catalina.core.ApplicationFilterChain.doFilter(ApplicationFilterChain.java:140)
	at org.springframework.web.filter.ServerHttpObservationFilter.doFilterInternal(ServerHttpObservationFilter.java:110)
	at org.springframework.web.filter.OncePerRequestFilter.doFilter(OncePerRequestFilter.java:116)
	at org.apache.catalina.core.ApplicationFilterChain.internalDoFilter(ApplicationFilterChain.java:164)
	at org.apache.catalina.core.ApplicationFilterChain.doFilter(ApplicationFilterChain.java:140)
	at org.springframework.web.filter.CharacterEncodingFilter.doFilterInternal(CharacterEncodingFilter.java:201)
	at org.springframework.web.filter.OncePerRequestFilter.doFilter(OncePerRequestFilter.java:116)
	at org.apache.catalina.core.ApplicationFilterChain.internalDoFilter(ApplicationFilterChain.java:164)
	at org.apache.catalina.core.ApplicationFilterChain.doFilter(ApplicationFilterChain.java:140)
	at org.apache.catalina.core.StandardWrapperValve.invoke(StandardWrapperValve.java:167)
	at org.apache.catalina.core.StandardContextValve.invoke(StandardContextValve.java:90)
	at org.apache.catalina.authenticator.AuthenticatorBase.invoke(AuthenticatorBase.java:483)
	at org.apache.catalina.core.StandardHostValve.invoke(StandardHostValve.java:116)
	at org.apache.catalina.valves.ErrorReportValve.invoke(ErrorReportValve.java:93)
	at org.apache.catalina.core.StandardEngineValve.invoke(StandardEngineValve.java:74)
	at org.apache.catalina.connector.CoyoteAdapter.service(CoyoteAdapter.java:344)
	at org.apache.coyote.http11.Http11Processor.service(Http11Processor.java:398)
	at org.apache.coyote.AbstractProcessorLight.process(AbstractProcessorLight.java:63)
	at org.apache.coyote.AbstractProtocol$ConnectionHandler.process(AbstractProtocol.java:903)
	at org.apache.tomcat.util.net.NioEndpoint$SocketProcessor.doRun(NioEndpoint.java:1776)
	at org.apache.tomcat.util.net.SocketProcessorBase.run(SocketProcessorBase.java:52)
	at org.apache.tomcat.util.threads.ThreadPoolExecutor.runWorker(ThreadPoolExecutor.java:975)
	at org.apache.tomcat.util.threads.ThreadPoolExecutor$Worker.run(ThreadPoolExecutor.java:493)
	at org.apache.tomcat.util.threads.TaskThread$WrappingRunnable.run(TaskThread.java:63)
	at java.base/java.lang.Thread.run(Thread.java:1474)
2025-10-26 11:52:51.147 [http-nio-6969-exec-1] INFO  d.a.Funko.service.FunkoServiceImpl - findAll - Recuperando todos los Funkos...
2025-10-26 11:53:00.525 [http-nio-6969-exec-5] INFO  d.a.Funko.service.FunkoServiceImpl - findAll - Recuperando todos los Funkos...
2025-10-26 11:53:01.359 [http-nio-6969-exec-3] INFO  d.a.Funko.service.FunkoServiceImpl - findAll - Recuperando todos los Funkos...
2025-10-26 11:53:02.386 [http-nio-6969-exec-7] INFO  d.a.Funko.service.FunkoServiceImpl - findAll - Recuperando todos los Funkos...
2025-10-26 11:53:03.575 [http-nio-6969-exec-9] INFO  d.a.Funko.service.FunkoServiceImpl - findAll - Recuperando todos los Funkos...
2025-10-26 11:53:06.875 [http-nio-6969-exec-4] INFO  d.a.Funko.service.FunkoServiceImpl - findAll - Recuperando todos los Funkos...
2025-10-26 11:53:15.818 [http-nio-6969-exec-10] INFO  d.a.Funko.service.FunkoServiceImpl - findAll - Recuperando todos los Funkos...
2025-10-26 11:53:16.465 [http-nio-6969-exec-6] INFO  d.a.Funko.service.FunkoServiceImpl - findAll - Recuperando todos los Funkos...
2025-10-26 11:53:17.086 [http-nio-6969-exec-2] INFO  d.a.Funko.service.FunkoServiceImpl - findAll - Recuperando todos los Funkos...
2025-10-26 11:53:17.766 [http-nio-6969-exec-8] INFO  d.a.Funko.service.FunkoServiceImpl - findAll - Recuperando todos los Funkos...
2025-10-26 11:53:18.696 [http-nio-6969-exec-1] INFO  d.a.Funko.service.FunkoServiceImpl - findAll - Recuperando todos los Funkos...
2025-10-26 11:53:19.398 [http-nio-6969-exec-5] INFO  d.a.Funko.service.FunkoServiceImpl - findAll - Recuperando todos los Funkos...
2025-10-26 11:54:00.286 [SpringApplicationShutdownHook] INFO  o.s.b.w.e.tomcat.GracefulShutdown - Commencing graceful shutdown. Waiting for active requests to complete
2025-10-26 11:54:00.301 [tomcat-shutdown] INFO  o.s.b.w.e.tomcat.GracefulShutdown - Graceful shutdown complete
2025-10-26 11:54:00.308 [SpringApplicationShutdownHook] INFO  o.s.o.j.LocalContainerEntityManagerFactoryBean - Closing JPA EntityManagerFactory for persistence unit 'default'
2025-10-26 11:54:00.310 [SpringApplicationShutdownHook] INFO  com.zaxxer.hikari.HikariDataSource - HikariPool-1 - Shutdown initiated...
2025-10-26 11:54:00.313 [SpringApplicationShutdownHook] INFO  com.zaxxer.hikari.HikariDataSource - HikariPool-1 - Shutdown completed.
