2025-10-25 12:47:32.505 [background-preinit] INFO  o.h.validator.internal.util.Version - HV000001: Hibernate Validator 8.0.3.Final
2025-10-25 12:47:32.663 [Test worker] INFO  d.a.C.repository.CategoriaTest - Starting CategoriaTest using Java 25 with PID 2768 (started by USUARIO in C:\Users\USUARIO\Desktop\Funko)
2025-10-25 12:47:32.664 [Test worker] DEBUG d.a.C.repository.CategoriaTest - Running with Spring Boot v3.5.6, Spring v6.2.11
2025-10-25 12:47:32.665 [Test worker] INFO  d.a.C.repository.CategoriaTest - The following 1 profile is active: "dev"
2025-10-25 12:47:33.402 [Test worker] INFO  o.s.d.r.c.RepositoryConfigurationDelegate - Bootstrapping Spring Data JPA repositories in DEFAULT mode.
2025-10-25 12:47:33.822 [Test worker] INFO  o.s.d.r.c.RepositoryConfigurationDelegate - Finished Spring Data repository scanning in 395 ms. Found 2 JPA repository interfaces.
2025-10-25 12:47:33.919 [Test worker] INFO  o.s.b.t.a.j.TestDatabaseAutoConfiguration$EmbeddedDataSourceBeanFactoryPostProcessor - Replacing 'dataSource' DataSource bean with embedded version
2025-10-25 12:47:34.146 [Test worker] INFO  o.s.j.d.e.EmbeddedDatabaseFactory - Starting embedded database: url='jdbc:h2:mem:3cbcf594-6bcb-4600-8ff4-7c2f8e9ba3df;DB_CLOSE_DELAY=-1;DB_CLOSE_ON_EXIT=false', username='sa'
2025-10-25 12:47:34.910 [Test worker] INFO  o.h.jpa.internal.util.LogHelper - HHH000204: Processing PersistenceUnitInfo [name: default]
2025-10-25 12:47:35.052 [Test worker] INFO  org.hibernate.Version - HHH000412: Hibernate ORM core version 6.6.29.Final
2025-10-25 12:47:35.141 [Test worker] INFO  o.h.c.i.RegionFactoryInitiator - HHH000026: Second-level cache disabled
2025-10-25 12:47:35.851 [Test worker] INFO  o.s.o.j.p.SpringPersistenceUnitInfo - No LoadTimeWeaver setup: ignoring JPA class transformer
2025-10-25 12:47:35.982 [Test worker] WARN  org.hibernate.orm.deprecation - HHH90000025: H2Dialect does not need to be specified explicitly using 'hibernate.dialect' (remove the property setting and it will be selected by default)
2025-10-25 12:47:36.030 [Test worker] INFO  o.hibernate.orm.connections.pooling - HHH10001005: Database info:
	Database JDBC URL [Connecting through datasource 'org.springframework.jdbc.datasource.embedded.EmbeddedDatabaseFactory$EmbeddedDataSourceProxy@714f3e27']
	Database driver: undefined/unknown
	Database version: 2.3.232
	Autocommit mode: undefined/unknown
	Isolation level: undefined/unknown
	Minimum pool size: undefined/unknown
	Maximum pool size: undefined/unknown
2025-10-25 12:47:38.125 [Test worker] INFO  o.h.e.t.j.p.i.JtaPlatformInitiator - HHH000489: No JTA platform available (set 'hibernate.transaction.jta.platform' to enable JTA platform integration)
2025-10-25 12:47:38.306 [Test worker] INFO  o.s.o.j.LocalContainerEntityManagerFactoryBean - Initialized JPA EntityManagerFactory for persistence unit 'default'
2025-10-25 12:47:39.113 [Test worker] INFO  d.a.C.repository.CategoriaTest - Started CategoriaTest in 7.642 seconds (process running for 10.298)
2025-10-25 12:47:40.312 [SpringApplicationShutdownHook] INFO  o.s.o.j.LocalContainerEntityManagerFactoryBean - Closing JPA EntityManagerFactory for persistence unit 'default'
2025-10-25 12:47:58.363 [background-preinit] INFO  o.h.validator.internal.util.Version - HV000001: Hibernate Validator 8.0.3.Final
2025-10-25 12:47:58.477 [Test worker] INFO  d.a.F.c.FunkoRestControllerTest - Starting FunkoRestControllerTest using Java 25 with PID 6056 (started by USUARIO in C:\Users\USUARIO\Desktop\Funko)
2025-10-25 12:47:58.478 [Test worker] DEBUG d.a.F.c.FunkoRestControllerTest - Running with Spring Boot v3.5.6, Spring v6.2.11
2025-10-25 12:47:58.478 [Test worker] INFO  d.a.F.c.FunkoRestControllerTest - The following 1 profile is active: "dev"
2025-10-25 12:48:02.812 [Test worker] INFO  o.s.b.t.m.w.SpringBootMockServletContext - Initializing Spring TestDispatcherServlet ''
2025-10-25 12:48:02.813 [Test worker] INFO  o.s.t.w.s.TestDispatcherServlet - Initializing Servlet ''
2025-10-25 12:48:02.816 [Test worker] INFO  o.s.t.w.s.TestDispatcherServlet - Completed initialization in 1 ms
2025-10-25 12:48:02.874 [Test worker] INFO  d.a.F.c.FunkoRestControllerTest - Started FunkoRestControllerTest in 5.375 seconds (process running for 8.052)
2025-10-25 12:51:47.519 [background-preinit] INFO  o.h.validator.internal.util.Version - HV000001: Hibernate Validator 8.0.3.Final
2025-10-25 12:51:47.640 [Test worker] INFO  d.a.F.c.FunkoRestControllerTest - Starting FunkoRestControllerTest using Java 25 with PID 14752 (started by USUARIO in C:\Users\USUARIO\Desktop\Funko)
2025-10-25 12:51:47.641 [Test worker] DEBUG d.a.F.c.FunkoRestControllerTest - Running with Spring Boot v3.5.6, Spring v6.2.11
2025-10-25 12:51:47.641 [Test worker] INFO  d.a.F.c.FunkoRestControllerTest - The following 1 profile is active: "dev"
2025-10-25 12:51:51.750 [Test worker] INFO  o.s.b.t.m.w.SpringBootMockServletContext - Initializing Spring TestDispatcherServlet ''
2025-10-25 12:51:51.751 [Test worker] INFO  o.s.t.w.s.TestDispatcherServlet - Initializing Servlet ''
2025-10-25 12:51:51.753 [Test worker] INFO  o.s.t.w.s.TestDispatcherServlet - Completed initialization in 2 ms
2025-10-25 12:51:51.798 [Test worker] INFO  d.a.F.c.FunkoRestControllerTest - Started FunkoRestControllerTest in 5.265 seconds (process running for 7.879)
2025-10-25 12:59:59.911 [background-preinit] INFO  o.h.validator.internal.util.Version - HV000001: Hibernate Validator 8.0.3.Final
2025-10-25 13:00:00.025 [Test worker] INFO  d.a.F.c.FunkoRestControllerTest - Starting FunkoRestControllerTest using Java 25 with PID 18688 (started by USUARIO in C:\Users\USUARIO\Desktop\Funko)
2025-10-25 13:00:00.026 [Test worker] DEBUG d.a.F.c.FunkoRestControllerTest - Running with Spring Boot v3.5.6, Spring v6.2.11
2025-10-25 13:00:00.027 [Test worker] INFO  d.a.F.c.FunkoRestControllerTest - The following 1 profile is active: "dev"
2025-10-25 13:00:04.094 [Test worker] INFO  o.s.b.t.m.w.SpringBootMockServletContext - Initializing Spring TestDispatcherServlet ''
2025-10-25 13:00:04.095 [Test worker] INFO  o.s.t.w.s.TestDispatcherServlet - Initializing Servlet ''
2025-10-25 13:00:04.097 [Test worker] INFO  o.s.t.w.s.TestDispatcherServlet - Completed initialization in 2 ms
2025-10-25 13:00:04.141 [Test worker] INFO  d.a.F.c.FunkoRestControllerTest - Started FunkoRestControllerTest in 5.162 seconds (process running for 7.646)
2025-10-25 13:00:23.860 [background-preinit] INFO  o.h.validator.internal.util.Version - HV000001: Hibernate Validator 8.0.3.Final
2025-10-25 13:00:23.973 [Test worker] INFO  d.a.F.c.FunkoRestControllerTest - Starting FunkoRestControllerTest using Java 25 with PID 8520 (started by USUARIO in C:\Users\USUARIO\Desktop\Funko)
2025-10-25 13:00:23.973 [Test worker] DEBUG d.a.F.c.FunkoRestControllerTest - Running with Spring Boot v3.5.6, Spring v6.2.11
2025-10-25 13:00:23.975 [Test worker] INFO  d.a.F.c.FunkoRestControllerTest - The following 1 profile is active: "dev"
2025-10-25 13:00:27.992 [Test worker] INFO  o.s.b.t.m.w.SpringBootMockServletContext - Initializing Spring TestDispatcherServlet ''
2025-10-25 13:00:27.992 [Test worker] INFO  o.s.t.w.s.TestDispatcherServlet - Initializing Servlet ''
2025-10-25 13:00:27.994 [Test worker] INFO  o.s.t.w.s.TestDispatcherServlet - Completed initialization in 2 ms
2025-10-25 13:00:28.052 [Test worker] INFO  d.a.F.c.FunkoRestControllerTest - Started FunkoRestControllerTest in 5.041 seconds (process running for 7.637)
2025-10-25 13:00:41.915 [background-preinit] INFO  o.h.validator.internal.util.Version - HV000001: Hibernate Validator 8.0.3.Final
2025-10-25 13:00:42.033 [Test worker] INFO  d.a.F.r.FunkoRepositoryPriceTest - Starting FunkoRepositoryPriceTest using Java 25 with PID 9432 (started by USUARIO in C:\Users\USUARIO\Desktop\Funko)
2025-10-25 13:00:42.035 [Test worker] DEBUG d.a.F.r.FunkoRepositoryPriceTest - Running with Spring Boot v3.5.6, Spring v6.2.11
2025-10-25 13:00:42.036 [Test worker] INFO  d.a.F.r.FunkoRepositoryPriceTest - The following 1 profile is active: "test"
2025-10-25 13:00:42.702 [Test worker] INFO  o.s.d.r.c.RepositoryConfigurationDelegate - Bootstrapping Spring Data JPA repositories in DEFAULT mode.
2025-10-25 13:00:43.062 [Test worker] INFO  o.s.d.r.c.RepositoryConfigurationDelegate - Finished Spring Data repository scanning in 342 ms. Found 2 JPA repository interfaces.
2025-10-25 13:00:43.183 [Test worker] INFO  o.s.b.t.a.j.TestDatabaseAutoConfiguration$EmbeddedDataSourceBeanFactoryPostProcessor - Replacing 'dataSource' DataSource bean with embedded version
2025-10-25 13:00:43.395 [Test worker] INFO  o.s.j.d.e.EmbeddedDatabaseFactory - Starting embedded database: url='jdbc:h2:mem:f1e0428d-ec09-45e8-9d17-29ec371949c8;DB_CLOSE_DELAY=-1;DB_CLOSE_ON_EXIT=false', username='sa'
2025-10-25 13:00:44.087 [Test worker] INFO  o.h.jpa.internal.util.LogHelper - HHH000204: Processing PersistenceUnitInfo [name: default]
2025-10-25 13:00:44.213 [Test worker] INFO  org.hibernate.Version - HHH000412: Hibernate ORM core version 6.6.29.Final
2025-10-25 13:00:44.280 [Test worker] INFO  o.h.c.i.RegionFactoryInitiator - HHH000026: Second-level cache disabled
2025-10-25 13:00:44.940 [Test worker] INFO  o.s.o.j.p.SpringPersistenceUnitInfo - No LoadTimeWeaver setup: ignoring JPA class transformer
2025-10-25 13:00:45.047 [Test worker] WARN  org.hibernate.orm.deprecation - HHH90000025: H2Dialect does not need to be specified explicitly using 'hibernate.dialect' (remove the property setting and it will be selected by default)
2025-10-25 13:00:45.093 [Test worker] INFO  o.hibernate.orm.connections.pooling - HHH10001005: Database info:
	Database JDBC URL [Connecting through datasource 'org.springframework.jdbc.datasource.embedded.EmbeddedDatabaseFactory$EmbeddedDataSourceProxy@eeb1cac']
	Database driver: undefined/unknown
	Database version: 2.3.232
	Autocommit mode: undefined/unknown
	Isolation level: undefined/unknown
	Minimum pool size: undefined/unknown
	Maximum pool size: undefined/unknown
2025-10-25 13:00:46.937 [Test worker] INFO  o.h.e.t.j.p.i.JtaPlatformInitiator - HHH000489: No JTA platform available (set 'hibernate.transaction.jta.platform' to enable JTA platform integration)
2025-10-25 13:00:47.048 [Test worker] INFO  o.s.o.j.LocalContainerEntityManagerFactoryBean - Initialized JPA EntityManagerFactory for persistence unit 'default'
2025-10-25 13:00:47.776 [Test worker] INFO  d.a.F.r.FunkoRepositoryPriceTest - Started FunkoRepositoryPriceTest in 6.75 seconds (process running for 9.469)
2025-10-25 13:00:49.019 [SpringApplicationShutdownHook] INFO  o.s.o.j.LocalContainerEntityManagerFactoryBean - Closing JPA EntityManagerFactory for persistence unit 'default'
2025-10-25 13:01:00.318 [background-preinit] INFO  o.h.validator.internal.util.Version - HV000001: Hibernate Validator 8.0.3.Final
2025-10-25 13:01:00.450 [Test worker] INFO  d.a.F.r.FunkoRepositoryPriceTest - Starting FunkoRepositoryPriceTest using Java 25 with PID 10708 (started by USUARIO in C:\Users\USUARIO\Desktop\Funko)
2025-10-25 13:01:00.451 [Test worker] DEBUG d.a.F.r.FunkoRepositoryPriceTest - Running with Spring Boot v3.5.6, Spring v6.2.11
2025-10-25 13:01:00.451 [Test worker] INFO  d.a.F.r.FunkoRepositoryPriceTest - The following 1 profile is active: "test"
2025-10-25 13:01:01.112 [Test worker] INFO  o.s.d.r.c.RepositoryConfigurationDelegate - Bootstrapping Spring Data JPA repositories in DEFAULT mode.
2025-10-25 13:01:01.429 [Test worker] INFO  o.s.d.r.c.RepositoryConfigurationDelegate - Finished Spring Data repository scanning in 296 ms. Found 2 JPA repository interfaces.
2025-10-25 13:01:01.525 [Test worker] INFO  o.s.b.t.a.j.TestDatabaseAutoConfiguration$EmbeddedDataSourceBeanFactoryPostProcessor - Replacing 'dataSource' DataSource bean with embedded version
2025-10-25 13:01:01.728 [Test worker] INFO  o.s.j.d.e.EmbeddedDatabaseFactory - Starting embedded database: url='jdbc:h2:mem:bb55152e-aacc-43fc-b961-1abba118d272;DB_CLOSE_DELAY=-1;DB_CLOSE_ON_EXIT=false', username='sa'
2025-10-25 13:01:02.460 [Test worker] INFO  o.h.jpa.internal.util.LogHelper - HHH000204: Processing PersistenceUnitInfo [name: default]
2025-10-25 13:01:02.571 [Test worker] INFO  org.hibernate.Version - HHH000412: Hibernate ORM core version 6.6.29.Final
2025-10-25 13:01:02.642 [Test worker] INFO  o.h.c.i.RegionFactoryInitiator - HHH000026: Second-level cache disabled
2025-10-25 13:01:03.376 [Test worker] INFO  o.s.o.j.p.SpringPersistenceUnitInfo - No LoadTimeWeaver setup: ignoring JPA class transformer
2025-10-25 13:01:03.488 [Test worker] WARN  org.hibernate.orm.deprecation - HHH90000025: H2Dialect does not need to be specified explicitly using 'hibernate.dialect' (remove the property setting and it will be selected by default)
2025-10-25 13:01:03.542 [Test worker] INFO  o.hibernate.orm.connections.pooling - HHH10001005: Database info:
	Database JDBC URL [Connecting through datasource 'org.springframework.jdbc.datasource.embedded.EmbeddedDatabaseFactory$EmbeddedDataSourceProxy@55002de6']
	Database driver: undefined/unknown
	Database version: 2.3.232
	Autocommit mode: undefined/unknown
	Isolation level: undefined/unknown
	Minimum pool size: undefined/unknown
	Maximum pool size: undefined/unknown
2025-10-25 13:01:05.440 [Test worker] INFO  o.h.e.t.j.p.i.JtaPlatformInitiator - HHH000489: No JTA platform available (set 'hibernate.transaction.jta.platform' to enable JTA platform integration)
2025-10-25 13:01:05.542 [Test worker] INFO  o.s.o.j.LocalContainerEntityManagerFactoryBean - Initialized JPA EntityManagerFactory for persistence unit 'default'
2025-10-25 13:01:06.373 [Test worker] INFO  d.a.F.r.FunkoRepositoryPriceTest - Started FunkoRepositoryPriceTest in 6.947 seconds (process running for 9.463)
2025-10-25 13:01:07.501 [SpringApplicationShutdownHook] INFO  o.s.o.j.LocalContainerEntityManagerFactoryBean - Closing JPA EntityManagerFactory for persistence unit 'default'
